Number of used processors (NPROC): 4.
Number of mesh partitions (NPART): 4.
Total Physical Memory = 7.89 Gb, Available Physical Memory = 3.66 Gb
Mesh generation started:	17.9.2017	0:15:23
-----------------------------------------------------------------------
Allocating meshes:
	CPU count: 4
	MESH 0:
		Sub-meshes count: 4
-----------------------------------------------------------------------
Current CPU = 0 sec
-----------------------------------------------------------------------
Geometries initialization:

Geometry database loading ...OK
-----------------------------------------------------------------------
Loading mesh settings (global/local)...
-----------------------------------------------------------------------
Number of geometries: 1
Geometry(0):
	Fluid..
	1 Body.
	1 Real body.
	Tolerance=0.00010161.
	23 Face(s).
		23 of b-spline type.
	23642 Triangle(s).
	0 Face(s) that have no ref faces
	3 Plane surface(s).
	16 B- surface(s).
	4 Blending surface(s).
	47 Edge(s).
		47 of b-spline type.
	Geometry reading: 0.032 s.
	23 Reference Face(s).
	23642 Reference Triangles.
	GeometryRef reading: 0.024 s.
Last Geometry:
	Solid.
	Making hash and connectivity for geometry 0...
		CBodyGeom:
		Hash size: {37, 31, 71}.
		Mesh size: {37, 31, 71}.
		Hashing triangles...Ok.
		Making triangles connectivity...Ok. (0.074 s).
		Neighbour triangles: 100.00 % (good connect) - 0.00 % (bad connect). Min: 3. Max: 3.
		Done.
		CBodyGeomRef:
		Hashing triangles...Ok.
		Making triangles connectivity...Ok. (0.063 s).
		Neighbour triangles: Min: 1. Max: 3.
		Done.
	0.181 s.
Geometries reading and preparing has taken 0.257 s.

Mapped triangles:
Hashing geometries triangles
	Triangles num=23642
	Triangles box={-0.283144  ,0.283144  ,-0.203201  ,9.30562e-017  ,0  ,1.9939  }
		3d-hash size is 504456 bytes
		Making triangles connectivity...Ok. (0.062 s).
		Neighbour triangles: 100.00 % (good connect) - 0.00 % (bad connect). Min: 3. Max: 3.
Hashing peculiar surfaces triangles
Mapped triangles processed in 0.220 s.
-----------------------------------------------------------------------

Current CPU = 0 sec
Flow Simulation 2017  x64 / 3731 / MESHER ver. efd_16_1.3696_10.11.2016 

Project: C:\Users\Liam\Documents\GrabCAD\Sailbot\3\3.xmlconfig
Computer name:	SHANOSWAGPAD
Operating system:	Windows 10 (or higher) (Version 10.0.15063)

SOLIDWORKS 2017 SP2.0

-----------------------------------------------------------------------
Mesh dimensions:
				I[0 ]=37
				I[1 ]=31
				I[2 ]=71
Solver refinement level	I[47]=0

Comp. domain size:
				a[0  ]=-1.09447
				a[1  ]=1.12166
				a[2  ]=-0.991731
				a[3  ]=0.804193
				a[4  ]=-0.799202
				a[5  ]=3.3061
Wall thickness		a[231]=0
Gap size			a[232]=1

Fluid calculated			1
Solid calculated			0
-----------------------------------------------------------------------
MESH: distribute base bricks among sub-meshes...
	Base bricks count               81437
	Sub-meshes  count               4
	Base bricks count per sub-mesh  20359 (+1)
	Sub-mesh 0: 20359 base brick(s), range [0, 36]-[0, 30]-[0, 17]
	Sub-mesh 1: 20359 base brick(s), range [0, 36]-[0, 30]-[17, 35]
	Sub-mesh 2: 20359 base brick(s), range [0, 36]-[0, 30]-[35, 53]
	Sub-mesh 3: 20360 base brick(s), range [0, 36]-[0, 30]-[53, 70]
-----------------------------------------------------------------------
-----------------------------------------------------------------------
MESH: collecting ghosts in sub-meshes...
	Sub-mesh 0:
		Total  brick(s) 21506
		Native brick(s) 20359
		Inner  brick(s) 19212
		Outer  brick(s) 1147
		Ghost  brick(s) 1147
	Sub-mesh 1:
		Total  brick(s) 22653
		Native brick(s) 20359
		Inner  brick(s) 18065
		Outer  brick(s) 2294
		Ghost  brick(s) 2294
	Sub-mesh 2:
		Total  brick(s) 22653
		Native brick(s) 20359
		Inner  brick(s) 18065
		Outer  brick(s) 2294
		Ghost  brick(s) 2294
	Sub-mesh 3:
		Total  brick(s) 21507
		Native brick(s) 20360
		Inner  brick(s) 19213
		Outer  brick(s) 1147
		Ghost  brick(s) 1147
	Total brick(s) 81437
-----------------------------------------------------------------------
Setting regions...OK (0.060 s)
Base mesh info------------------
	2D flag  =0
	Period   =[0, 0, 0]
	Nx=37
		x[0]=-1.09447
		x[1]=-1.0092
		x[2]=-0.928204
		x[3]=-0.851236
		x[4]=-0.778099
		x[5]=-0.7086
		x[6]=-0.64256
		x[7]=-0.579807
		x[8]=-0.520176
		x[9]=-0.463512
		x[10]=-0.409668
		x[11]=-0.358504
		x[12]=-0.30842
		x[13]=-0.258336
		x[14]=-0.208252
		x[15]=-0.158168
		x[16]=-0.108084
		x[17]=-0.0580004
		x[18]=-0.00791639
		x[19]=0.0407501
		x[20]=0.089417
		x[21]=0.138084
		x[22]=0.186751
		x[23]=0.235418
		x[24]=0.284085
		x[25]=0.332752
		x[26]=0.381419
		x[27]=0.432806
		x[28]=0.4869
		x[29]=0.543842
		x[30]=0.603782
		x[31]=0.666879
		x[32]=0.733298
		x[33]=0.803214
		x[34]=0.876812
		x[35]=0.954286
		x[36]=1.03584
		x[37]=1.12166
	Ny=31
		y[0]=-0.991731
		y[1]=-0.912265
		y[2]=-0.836676
		y[3]=-0.764754
		y[4]=-0.69632
		y[5]=-0.631206
		y[6]=-0.56925
		y[7]=-0.5103
		y[8]=-0.454209
		y[9]=-0.40084
		y[10]=-0.350059
		y[11]=-0.301741
		y[12]=-0.255767
		y[13]=-0.204373
		y[14]=-0.15298
		y[15]=-0.101588
		y[16]=-0.0595211
		y[17]=-0.0174519
		y[18]=0.0246172
		y[19]=0.0666864
		y[20]=0.112739
		y[21]=0.161143
		y[22]=0.212019
		y[23]=0.265491
		y[24]=0.321695
		y[25]=0.380767
		y[26]=0.442856
		y[27]=0.508115
		y[28]=0.576705
		y[29]=0.648798
		y[30]=0.724572
		y[31]=0.804193
	Nz=71
		z[0]=-0.799202
		z[1]=-0.714706
		z[2]=-0.634272
		z[3]=-0.557688
		z[4]=-0.48477
		z[5]=-0.415341
		z[6]=-0.349235
		z[7]=-0.286293
		z[8]=-0.226363
		z[9]=-0.169301
		z[10]=-0.11497
		z[11]=-0.0632392
		z[12]=-0.010496
		z[13]=0.042247
		z[14]=0.09499
		z[15]=0.147733
		z[16]=0.200476
		z[17]=0.253219
		z[18]=0.305962
		z[19]=0.358705
		z[20]=0.411448
		z[21]=0.464191
		z[22]=0.516934
		z[23]=0.569677
		z[24]=0.62242
		z[25]=0.675163
		z[26]=0.727906
		z[27]=0.780649
		z[28]=0.833392
		z[29]=0.886135
		z[30]=0.938878
		z[31]=0.991621
		z[32]=1.04425
		z[33]=1.09687
		z[34]=1.1495
		z[35]=1.20213
		z[36]=1.25475
		z[37]=1.30738
		z[38]=1.36001
		z[39]=1.41263
		z[40]=1.46526
		z[41]=1.51789
		z[42]=1.57051
		z[43]=1.62314
		z[44]=1.67577
		z[45]=1.72839
		z[46]=1.78102
		z[47]=1.83365
		z[48]=1.88627
		z[49]=1.9389
		z[50]=1.99153
		z[51]=2.04415
		z[52]=2.09678
		z[53]=2.14941
		z[54]=2.20203
		z[55]=2.25466
		z[56]=2.30729
		z[57]=2.35991
		z[58]=2.41254
		z[59]=2.46516
		z[60]=2.51779
		z[61]=2.57233
		z[62]=2.62977
		z[63]=2.69028
		z[64]=2.75401
		z[65]=2.82114
		z[66]=2.89185
		z[67]=2.96633
		z[68]=3.04477
		z[69]=3.12741
		z[70]=3.21444
		z[71]=3.3061
End of base mesh info---------
Input_mesh_settings--------------------------------
Settings 0----------------
	Scope: GLOBAL
	Type:	------MESHER_SETTINGS----------
	RefAllCells           =0
	RefFluidCells         =0
	RefPartCells          =0
	RefSolidCells         =0
	l_SSFR(Capture crit)  =1
	l_curv(Curvature crit)=0
	l_tol(Tolerance crit) =0
	UseChannelRef         =1
	  NCR_method          =0
	  l_NCR               =1
	  N_gap               =5
	  Use d_NCR_min       =0
	  Use d_NCR_max       =0
	IgnoreThinChannelsHeight         =0
	--END_OF_MESHER_SETTINGS-------
End of input mesh settings-------------------------

-----------------------------------------------------------------------
Building geometries:
Building geometry Fluid.0.(0)...

-----------------------------------------------------------------------
Refining by triangulation...
Refinement input: 81437 bricks
Setting regions...OK (0.053 s)
Refinement result: 81486 bricks (0.266 s)
Refinement input: 81486 bricks
Setting regions...OK (0.084 s)
Refinement result: 81493 bricks (0.184 s)
Collecting and processing rays...OK (0.202 s)
Capturing...OK (0.058 s)
Refining by triangulation takes 0.717 s
-----------------------------------------------------------------------

-----------------------------------------------------------------------
Refining peculiar surfaces...
0 surfaces refined
Refining peculiar surfaces takes 0.001 s
-----------------------------------------------------------------------
Collecting and processing rays...OK (0.015 s)
Capturing...OK (0.005 s)
Collecting and processing rays...OK (0.019 s)
Capturing...OK (0.008 s)
Collecting and processing rays...OK (0.010 s)
Capturing...OK (0.004 s)

-----------------------------------------------------------------------
Base mesh 1 Refining...
Refinement input: 81493 bricks
Refinement result: 81493 bricks (0.028 s)
Collecting and processing rays...OK (0.010 s)
Capturing...OK (0.004 s)
-----------------------------------------------------------------------
Refining channels...
FYI: CNarrowChannelRefiner::RefineChannels_PRLL: m_submesh_count=4
Refinement input: 81493 bricks
Setting regions...OK (0.036 s)
Refinement result: 81500 bricks (0.097 s)
Collecting and processing rays...OK (0.012 s)
Capturing...OK (0.004 s)
FYI: m_iteration_count = 0
FYI: level1 statistics:
     level1_cnt_plus[1]=8;		level1_cnt_minus[1]=0
     level1_cnt_plus[2]=0;		level1_cnt_minus[2]=0
     level1_cnt_plus[3]=0;		level1_cnt_minus[3]=0
     level1_cnt_plus[4]=0;		level1_cnt_minus[4]=0
     level1_cnt_plus[5]=0;		level1_cnt_minus[5]=0
     level1_cnt_plus[6]=0;		level1_cnt_minus[6]=0
     level1_cnt_plus[7]=0;		level1_cnt_minus[7]=0
     level1_cnt_plus[8]=0;		level1_cnt_minus[8]=0
     level1_cnt_plus[9]=0;		level1_cnt_minus[9]=0
FYI: m_iteration_count = 1
FYI: level1 statistics:
     level1_cnt_plus[1]=8;		level1_cnt_minus[1]=0
     level1_cnt_plus[2]=0;		level1_cnt_minus[2]=0
     level1_cnt_plus[3]=0;		level1_cnt_minus[3]=0
     level1_cnt_plus[4]=0;		level1_cnt_minus[4]=0
     level1_cnt_plus[5]=0;		level1_cnt_minus[5]=0
     level1_cnt_plus[6]=0;		level1_cnt_minus[6]=0
     level1_cnt_plus[7]=0;		level1_cnt_minus[7]=0
     level1_cnt_plus[8]=0;		level1_cnt_minus[8]=0
     level1_cnt_plus[9]=0;		level1_cnt_minus[9]=0
FYI: level1 statistics:
     level1_cnt_plus[1]=8;		level1_cnt_minus[1]=0
     level1_cnt_plus[2]=0;		level1_cnt_minus[2]=0
     level1_cnt_plus[3]=0;		level1_cnt_minus[3]=0
     level1_cnt_plus[4]=0;		level1_cnt_minus[4]=0
     level1_cnt_plus[5]=0;		level1_cnt_minus[5]=0
     level1_cnt_plus[6]=0;		level1_cnt_minus[6]=0
     level1_cnt_plus[7]=0;		level1_cnt_minus[7]=0
     level1_cnt_plus[8]=0;		level1_cnt_minus[8]=0
     level1_cnt_plus[9]=0;		level1_cnt_minus[9]=0
	CNarrowChannelRefiner::ChannelsResolution            function_total                0      = 0.348522 sec

-----------------------------------------------------------------------
U-shapes refinement...
Refinement input: 81500 bricks
Refinement result: 81500 bricks (0.046 s)
Collecting and processing rays...OK (0.007 s)
Capturing...OK (0.002 s)
-----------------------------------------------------------------------

-----------------------------------------------------------------------
Equi Distant Refiner:
Equi Distant Refiner takes 0.00 s
-----------------------------------------------------------------------
Building geometry takes 1.263 s
Geometry Fluid.0.
Total		81500
Partial	1042
Fluid		79757
Solid		701
Bad		0

/-Ray Intersection---------------/ Time	0.072 s
Calls			6331
CorrectRay Calls	0


Building geometries takes 1.267 s
-----------------------------------------------------------------------

-----------------------------------------------------------------------
PostBuilding geometries:
PostBuilding geometries takes 0.008 s
-----------------------------------------------------------------------
Defect ray count	0
FYI: CNarrowChannelRefiner::RedistributeLevel1_step_1: is finished
FYI: level1 statistics:
     level1_cnt_plus[1]=8;		level1_cnt_minus[1]=0
     level1_cnt_plus[2]=0;		level1_cnt_minus[2]=0
     level1_cnt_plus[3]=0;		level1_cnt_minus[3]=0
     level1_cnt_plus[4]=0;		level1_cnt_minus[4]=0
     level1_cnt_plus[5]=0;		level1_cnt_minus[5]=0
     level1_cnt_plus[6]=0;		level1_cnt_minus[6]=0
     level1_cnt_plus[7]=0;		level1_cnt_minus[7]=0
     level1_cnt_plus[8]=0;		level1_cnt_minus[8]=0
     level1_cnt_plus[9]=0;		level1_cnt_minus[9]=0
FYI: CNarrowChannelRefiner::RedistributeLevel1_step_2: is started
FYI: CNarrowChannelRefiner::RedistributeLevel1_step_2: is finished
FYI: level1 statistics:
     level1_cnt_plus[1]=8;		level1_cnt_minus[1]=0
     level1_cnt_plus[2]=0;		level1_cnt_minus[2]=0
     level1_cnt_plus[3]=0;		level1_cnt_minus[3]=0
     level1_cnt_plus[4]=0;		level1_cnt_minus[4]=0
     level1_cnt_plus[5]=0;		level1_cnt_minus[5]=0
     level1_cnt_plus[6]=0;		level1_cnt_minus[6]=0
     level1_cnt_plus[7]=0;		level1_cnt_minus[7]=0
     level1_cnt_plus[8]=0;		level1_cnt_minus[8]=0
     level1_cnt_plus[9]=0;		level1_cnt_minus[9]=0
FYI: CNarrowChannelRefiner::RedistributeLevel1_step_3: is started
FYI: CNarrowChannelRefiner::RedistributeLevel1_step_3: is finished
RedistributeLevel1 takes:
	CNarrowChannelRefiner::RedistributeLevel1            function_total                0      = 0.219358 sec
FYI: level1 statistics:
     level1_cnt_plus[1]=8;		level1_cnt_minus[1]=64
     level1_cnt_plus[2]=0;		level1_cnt_minus[2]=0
     level1_cnt_plus[3]=0;		level1_cnt_minus[3]=0
     level1_cnt_plus[4]=0;		level1_cnt_minus[4]=0
     level1_cnt_plus[5]=0;		level1_cnt_minus[5]=0
     level1_cnt_plus[6]=0;		level1_cnt_minus[6]=0
     level1_cnt_plus[7]=0;		level1_cnt_minus[7]=0
     level1_cnt_plus[8]=0;		level1_cnt_minus[8]=0
     level1_cnt_plus[9]=0;		level1_cnt_minus[9]=0
-----------------------------------------------------------------------
BCF-Builder Iteration: 0
Memory Working Set Current = 53.59 Mb, Memory Working Set Peak = 59.00 Mb
Process Threads Number: 13
Loading geometries triangulation & x-stacks...OK
	Sub-mesh 0:
		Total  brick(s) 21506
		Native brick(s) 20359
		Inner  brick(s) 19212
		Outer  brick(s) 1147
		Ghost  brick(s) 1147
	Sub-mesh 1:
		Total  brick(s) 22653
		Native brick(s) 20359
		Inner  brick(s) 18065
		Outer  brick(s) 2294
		Ghost  brick(s) 2294
	Sub-mesh 2:
		Total  brick(s) 22716
		Native brick(s) 20422
		Inner  brick(s) 18128
		Outer  brick(s) 2294
		Ghost  brick(s) 2294
	Sub-mesh 3:
		Total  brick(s) 21507
		Native brick(s) 20360
		Inner  brick(s) 19213
		Outer  brick(s) 1147
		Ghost  brick(s) 1147
	Total brick(s) 81500

-----------------------------------------------------------------------
MSH (Real Geometry) format constructor:
Getting submesh brick sets...OK (0.012 s)
Level 1
	Inner time 0.056 s
	Outer Time 0.002 s
	Level Time 0.058 s
Level 0
	Inner time 0.288 s
	Outer Time 0.066 s
	Level Time 0.354 s

Brick parser time info:
	0.957 s - time_Run
		0.020 s - time_ConstructPoints
			0.012 s - time_ConstructPointsAddFind2
		0.011 s - time_ConstructPointsAndConnectsFromNb
		0.005 s - time_AddRibConnects
		0.085 s - time_ConstructBrickFacets
			0.037 s - time_CalculateQpoints
				0.014 s - time_AddFacetPoint_GetFacesQpoint
					0.000 s - time_GetFacesQpoint_UShaped
						0.000 s - time_GetFacesQpoint2
					0.000 s - time_GetFacesQpoint_AddEdgesToList
					0.014 s - time_Edge_GetClosestPointOn
					0.002 s - time_Edge_NewtonMethod
					0.000 s - time_GetFacesQpoint_ManyFinds
				0.022 s - time_AddFacetPoint_AddQPoint
					0.022 s - time_PointReverseEvaluate
				0.000 s - time_AddFacetPoint_AddFind2
		0.000 s - time_RemoveOddConnects
		0.005 s - time_TestConnectivity
		0.001 s - time_ValidateXeps
		0.033 s - time_ConstructFaceAs
		0.002 s - time_ConstructCvs
		0.001 s - time_ConstructFaceWs
		0.024 s - time_RealGeomAddQPoints
		0.000 s - time_RealGeomAddNewFaces
		0.000 s - time_RealGeomInitOppositeGeomFaceInd
		0.071 s - time_RealGeomApproxCurveFaces
		0.000 s - time_Enum1
		0.000 s - time_Enum2
		0.000 s - time_RealGeomCheckInvalidConnects
		0.402 s - time_RealGeomParameters
			0.178 s - time_CalculateParametersOfCv
			0.218 s - time_CalculateParametersOfFace
				0.058 s - time_CalculateRR
				0.156 s - time_CalculateRefFaceData
				0.001 s - time_CalculateLambdaProjection
			0.004 s - time_SetFacesOrientation
Result:
	Bricks number:                        81500

	Memory usage:                         1.180 MB
	Memory usage (per brick):             0.015 KB
	Construction time:                    0.474 s

	Topology features:
	------------------
	- High quality bricks                 100.00 % (81498)
	- Medium quality bricks                 0.00 % (2)
	- Bad quality bricks                    0.00 % (0)
	- Ribs corrected bricks                 0.00 % (0)
	- Points with geom-info (bricks)        0.00 % (2)
	- Points with closest-info (bricks)     0.00 % (0)
	- Triangulated by center (bricks)       0.00 % (2)
	- Facet w-faces mergings (bricks)       0.00 % (0)
	- To refine (bricks)                    0.00 % (0)

Memory Working Set Current = 57.68 Mb, Memory Working Set Peak = 65.13 Mb
Process Threads Number: 13
-----------------------------------------------------------------------
-----------------------------------------------------------------------
MSH --> BCF format (Iteration 0)...
BCF collector...
	(3) Bcf collect time 0.240 s (21507 avs, 0 fws)
	(0) Bcf collect time 0.245 s (21743 avs, 522 fws)
	(1) Bcf collect time 0.237 s (23229 avs, 1135 fws)
	(2) Bcf collect time 0.252 s (23064 avs, 909 fws)
	(3) Remove defect avs time 0.110 s
	(1) Remove defect avs time 0.110 s
	(2) Remove defect avs time 0.110 s
	(0) Remove defect avs time 0.110 s
Defect subdomain detector...
		1 subdomain(s) of gi=0 (real bodies = 1).
			Subdomain 0: 80802 av
		Get real subdoms time 0.000 s
		Mark defect subdomains by closed av...
		Mark by closed av time 0.003 s
		Mark defect subdomains by real bodies...
		0 defect subdomain(s) of gi=0.
		1 subdomain(s) of gi=1 (real bodies = 0).
			Subdomain 0: 1745 av
		Get real subdoms time 0.000 s
		0 defect subdomain(s) of gi=1.
	(0) Remove defect subdoms time 0.032 s
	(1) Remove defect subdoms time 0.032 s
	(2) Remove defect subdoms time 0.032 s
	(3) Remove defect subdoms time 0.032 s
NB-faces collector & conservator...
Sub-mesh 0.
	Conservated total=0 (bb-faces=0)
Sub-mesh 1.
	Conservated total=0 (bb-faces=0)
Sub-mesh 2.
	Conservated total=7 (bb-faces=0)
Sub-mesh 3.
	Conservated total=0 (bb-faces=0)
	(3) Bcf calc time 0.032 s
	(0) Bcf calc time 0.073 s
	(1) Bcf calc time 0.084 s
	(2) Bcf calc time 0.087 s
FACE_W optimizer ...
Sub-mesh 0.
	Before optimization total=5412 (fs=522, ff=0, ss=0)
	After  optimization total=5322 (fs=432, ff=0, ss=0)
Sub-mesh 1.
	Before optimization total=6251 (fs=1135, ff=0, ss=0)
	After  optimization total=5965 (fs=849, ff=0, ss=0)
Sub-mesh 2.
	Before optimization total=5997 (fs=909, ff=0, ss=0)
	After  optimization total=5830 (fs=742, ff=0, ss=0)
Sub-mesh 3.
	Before optimization total=4860 (fs=0, ff=0, ss=0)
	After  optimization total=4860 (fs=0, ff=0, ss=0)
-----------------------------------------------------------------------
-----------------------------------------------------------------------
Merging BCF...
Merging bricks trees...OK (0.09 s)
Merging av data...OK (0.06 s)
Merging a-faces data (fluid)...
	New a-face count   236065
	Bound a-face count 3487 (1.48 %)
Merging a-faces data takes 0.08 s
Merging a-faces data (solid)...
	New a-face count   4617
	Bound a-face count 108 (2.34 %)
Merging a-faces data takes 0.00 s
Merging w-faces data...
	New w-face count   13802
	Bound w-face count 0 (0.00 %)
	Need fw-nb         1928 (13.97 %)
Merging w-faces data takes 0.02 s
Merging BCF takes (0.30 s)
-----------------------------------------------------------------------

-----------------------------------------------------------------------
Geometrical diagonal nb-faces collector (cpu_num=4)...
	Time=0.054s.
-----------------------------------------------------------------------
Fluid Subdom Constructor: 1 subdom(s).
	Remove nb-fw from diff subdomains (fs)...
		Diff subdomains cases         0

-----------------------------------------------------------------------
BCF CHECKSUM DATA (Mesh 0):

FACE_A Area Sum:   G.Fluid        808.6113825784736900
FACE_A Area Sum:   G.Solid        8.4095908048544192
FACE_W Area Sum:                  43.1655834652326790
FACE_W Nb   Sum:                  113868
FACE_W min curvatures sum:        -399683.61713145
FACE_W max curvatures sum:        10416239.94635476
AV Max Disbalance: G.Fluid        1.04963e-016 (cid=21178, avid=21043, pid=218)
AV Max Disbalance: G.Solid        1.76613e-016 (cid=37282, avid=81957, pid=640)
-----------------------------------------------------------------------


-----------------------------------------------------------------------
MESHER TOPOLOGY DATA (Mesh 0):

BRICKS: Total                 81500
BRICKS: 1-CV                  80456
BRICKS: 2-CV                  1041
BRICKS: 3-CV                  3
BRICKS: Bad                   0

AV:     G.Total               82547
AV:     G.Fluid               80802
AV:     G.Solid               1745

AV:     G.Fluid Thin Profile    0.00 % (0)
AV:     G.Solid Thin Profile    0.17 % (3)

AV:     G.Fluid Thin For Mega   0.00 % (0)
AV:     G.Solid Thin For Mega   0.17 % (3)

AV:     G.Fluid Non-Convex      0.57 % (459)
AV:     G.Solid Non-Convex     22.18 % (387)

FACE_A: G.Fluid          (af) 236065 (partially opened 2100)
FACE_A: G.Solid          (as) 4617 (partially opened 2094)

FACE_W: G.Total                 13802       Brick/Bound
FACE_W: G.Fluid/Solid    (fs_g) 1852        0           
FACE_W: G.Fluid/Fluid    (ff_g) 0           0           
FACE_W: G.Solid/Solid    (ss_g) 0           0           
FACE_W: G.Fluid/External (fe_g) 11950
FACE_W: G.Solid/External (se_g) 0

AV max fa count:                12
AV max fw count:                16
AV max fw poly count:           16

MEMORY: Total                   25.520 MB
MEMORY: Per Brick               0.321 KB
-----------------------------------------------------------------------

-----------------------------------------------------------------------
Mega-cv constructor for fluid...
	 0 av's is treated as thin
Relative size generator (threshold = 0.05)...OK
	 44 mega-cv's generated
	 0 mega-cv's removed
Convert clusters:
	 44 mega-cv's total
Mega-cv count: 44
-----------------------------------------------------------------------
Mixing plane rotation regions: NO.
Sliding mesh rotation regions: NO.
Fluid/fluid faces: NO.
----------------------------------------------------------
BCF --> BCF.GEOMSUBDOM (bridge arrays) (cpu_num=4):
MESH (0):
	Fluid Subdom Constructor: 1 subdom(s).
	Solid Subdom Constructor: 1 subdom(s).
	Net Asm Subdom Constructor: 0 subdom(s).
	GEOMSUBDOM (0): gi=0 fluid av=80802 cv=80758 fa=236065 fw=13802 V=1.620244e+001
	GEOMSUBDOM (1): gi=1 solid av=1745 cv=1745 fa=4617 fw=1852 V=1.366617e-001
	Setting nb of w-faces...OK.

MESH (0) checking:
	GEOMSUBDOM (0):fa_s=808.6113825785380400 fw_s=43.1655834652329200 fw_nb=113868
	GEOMSUBDOM (1):fa_s=8.4095908048544246 fw_s=2.2642051328862429 fw_nb=18292
MESH (0) checking: OK.
----------------------------------------------------------
-----------------------------------------------------------------------
Calculating curvature and tolerance criteria...
Curvature: min=0 max=2.90075
Tolerance: min=0 max=0.0301628
Calculating curvature and tolerance criteria takes 0.160 s
-----------------------------------------------------------------------
Current CPU = 4 sec

Nx=37
Ny=31
Nz=71
Max_RL=1
12. Saving initial mesh in: C:\Users\Liam\Documents\GrabCAD\Sailbot\3\3.fld .
Storing results...
Estimated CPT size=9.341 MB.
OK
Memory Working Set Current = 100.27 Mb, Memory Working Set Peak = 111.33 Mb
Process Threads Number: 13
Cleaning memory...
Free Geometry DB takes 0.002 s
Copying... OK

------------------------------------------------------------------------------------------------------------
CPU report:
Function                                             CPU           descriptor                    nproc     
------------------------------------------------------------------------------------------------------------
GetGeometryFromSW                                    0.505 sec   function_total               
GetGeometryFromSW                                    0.056 sec   InitGeometryTriangles        
CMesh::PrepareMappedTriangles                        0.219 sec   function_total               
SwapGeometries                                       0.000 sec   function_total               
CMesh::PreBuild                                      0.129 sec   function_total               
SetBrickRegion                                       0.252 sec   function_total               
CMesh::Build                                         1.282 sec   function_total               
CMesh::BuildGeometry                                 1.263 sec   function_total               
ActivateAllCellsParameters                           0.021 sec   function_total               
RefineByTriangles                                    0.716 sec   function_total               
CaptureRefined                                       0.361 sec   function_total               
GetMultiRaysIntersections                            0.055 sec   full                         
CRayCollector::CorrectRays2                          0.141 sec   full                         
CRayCollector::CorrectRays2                          0.071 sec   stage_1_collect_undefined_vertices1
RefinePeculiarSurfaces                               0.021 sec   function_total               
CNarrowChannelRefiner::ChannelsResolution            0.349 sec   function_total               
CNarrowChannelRefiner::RefineChannels_PRLL           0.325 sec   function_total               
CNarrowChannelRefiner::GetMainNormals                0.046 sec   function_total               
CNarrowChannelRefiner::GetMainNormals                0.089 sec   function_total               
CNarrowChannelRefiner::GetMainNormals                0.161 sec   function_total               
CNarrowChannelRefiner::facade_bricks_of_brick_dirv   0.006 sec   function_total               
CNarrowChannelRefiner::facade_bricks_of_brick_dirv   0.008 sec   function_total               
CNarrowChannelRefiner::facade_bricks_of_brick_dirv   0.022 sec   function_total               
CNarrowChannelRefiner::facade_bricks_of_brick_dirv   0.001 sec   function_total               
CNarrowChannelRefiner::next_brick_on_ray             0.005 sec   function_total               
CNarrowChannelRefiner::next_brick_on_ray             0.006 sec   function_total               
CNarrowChannelRefiner::next_brick_on_ray             0.021 sec   function_total               
CNarrowChannelRefiner::next_brick_on_ray             0.001 sec   function_total               
CNarrowChannelRefiner::RefineChannels_PRLL           0.114 sec   NCR_execute_refinement       
CMesh::BuildGeometry                                 0.000 sec   equidistant_refiner          
CNarrowChannelRefiner::RedistributeLevel1            0.227 sec   function_total               
CTPBuilder::build_bcf                                1.861 sec   function_total               
CTPBuilder::bcf_builder                              1.471 sec   function_total               
LoadTrianglesAndXSL                                  0.000 sec   function_total               
CTPBuilder::collect_msh_format                       0.493 sec   function_total               
CTPBuilder::Run                                      0.483 sec   bcf_collect                  
CTPBuilder::Run                                      0.473 sec   bcf_merge                    
CTPBuilder::build_bcf                                0.115 sec   collect_mega_cv              
CTPBuilder::build_bcf                                0.267 sec   convert_to_mds_function      
CMesh::CalculateCurvatureAndToleranceCriteria        0.160 sec   function_total               
Store_Res_2                                          0.288 sec   function_total               
Freemem_CPT                                          0.073 sec   function_total               
------------------------------------------------------------------------------------------------------------

Mesh generation normally finished at	17.9.2017	0:15:28
Mesher CPU = 5 sec
Mesher is finished at	17.9.2017	0:15:28
